<?xml version="1.0" encoding="utf-8"?><!DOCTYPE HTML PUBLIC "-//W3C//DTD HTML 4.01 Transitional//EN" "http://www.w3.org/TR/html4/loose.dtd"><html>
  <head>
    <title>xUnit.net Test Results</title>
    <style type="text/css">
          body { font-family: Calibri, Verdana, Arial, sans-serif; background-color: White; color: Black; }
          h2,h3,h4,h5 { margin: 0; padding: 0; }
          h3 { font-weight: normal; }
          h4 { margin: 0.5em 0; }
          h5 { font-weight: normal; font-style: italic; margin-bottom: 0.75em; }
          h6 { font-size: 0.9em; font-weight: bold; margin: 0.5em 0 0 0.75em; padding: 0; }
          pre,table { font-family: Consolas; font-size: 0.8em; margin: 0 0 0 1em; padding: 0; }
          table { padding-bottom: 0.25em; }
          th { padding: 0 0.5em; border-right: 1px solid #bbb; text-align: left; }
          td { padding-left: 0.5em; }
          .divided { border-top: solid 1px #f0f5fa; padding-top: 0.5em; }
          .row, .altrow { padding: 0.1em 0.3em; }
          .row { background-color: #f0f5fa; }
          .altrow { background-color: #e1ebf4; }
          .success, .failure, .skipped { font-family: Arial Unicode MS; font-weight: normal; float: left; width: 1em; display: block; }
          .success { color: #0c0; }
          .failure { color: #c00; }
          .skipped { color: #cc0; }
          .timing { float: right; }
          .indent { margin: 0.25em 0 0.5em 2em; }
          .clickable { cursor: pointer; }
          .testcount { font-size: 85%; }
        </style>
    <script language="javascript">
          function ToggleClass(id) {
            var elem = document.getElementById(id);
            if (elem.style.display == "none") {
              elem.style.display = "block";
            }
            else {
              elem.style.display = "none";
            }
          }
        </script>
  </head>
  <body>
    <h3 class="divided">
      <b>Assemblies Run</b>
    </h3>
    <div>TestProject.dll</div>
    <h3 class="divided">
      <b>Summary</b>
    </h3>
    <div>
          Tests run: <a href="#all"><b>2</b></a> —
          
            Failures: <a href="#failures"><b>1</b></a>,
          
          Run time: <b>0.767s</b>,
          Finished: <b>08/24/2023 15:18:38</b></div>
    <br />
    <h2>
      <a id="failures" />Failed tests
          </h2>
    <div class="row">
      <span class="timing">0.2360553s
        </span>
      <span class="failure">✘</span>
       TestProject.UnitTest1.ExceptionCallStack_InsideCatch<br clear="all" /><pre>System.AggregateException : One or more errors occurred. (Assert.NotEqual() Failure\r\nExpected: Not 103\r\nActual:   103)\r\n---- Assert.NotEqual() Failure\r\nExpected: Not 103\r\nActual:   103</pre><pre>   at TestProject.UnitTest1.ExceptionCallStack_InsideCatch() in C:\Users\kkeirstead\unmatched-frame-offsets\src\TestProject\UnitTest1.cs:line 44
----- Inner Stack Trace -----
   at TestProject.UnitTest1.ValidateExceptionStackFrame(Exception thrownException, ITestOutputHelper outputHelper) in C:\Users\kkeirstead\unmatched-frame-offsets\src\TestProject\UnitTest1.cs:line 143
   at TestProject.UnitTest1.FirstChanceExceptionCallback(Exception thrownException, List`1 assertExceptions, ITestOutputHelper outputHelper) in C:\Users\kkeirstead\unmatched-frame-offsets\src\TestProject\UnitTest1.cs:line 85</pre><h6>Output:</h6><pre>Begin Observing Exception: System.NotImplementedException
Throwing Frame: [ThrowAndCatchEclipsingExceptionInsideCatch, 0x8]
Begin Checking Thread Frames:
- [ValidateExceptionStackFrame, 0xB5]
- [FirstChanceExceptionCallback, 0x41]
- [&lt;ExceptionCallStack_InsideCatch&gt;b__0, 0x6]
- [ThrowAndCatchEclipsingExceptionInsideCatch, 0x8]
End Checking Thread Frames:
End Observing Exception: System.NotImplementedException
Begin Observing Exception: System.Exception
Throwing Frame: [ThrowAndCatchEclipsingExceptionInsideCatch, 0x12]
Begin Checking Thread Frames:
- [ValidateExceptionStackFrame, 0xB5]
- [FirstChanceExceptionCallback, 0x41]
- [&lt;ExceptionCallStack_InsideCatch&gt;b__0, 0x6]
- [ThrowAndCatchEclipsingExceptionInsideCatch, 0x8]
- [ExceptionCallStack_InsideCatch, 0x33]
- [InvokeMethod, 0xFFFFFFFF]
- [Invoke, 0x78]
- [Invoke, 0x0]
- [CallTestMethod, 0x0]
- [MoveNext, 0xC5]
- [Start, 0x28]
- [Start, 0x0]
- [&lt;InvokeTestMethodAsync&gt;b__1, 0x1C]
- [MoveNext, 0x20]
- [Start, 0x28]
- [Start, 0x0]
- [AggregateAsync, 0x24]
- [&lt;InvokeTestMethodAsync&gt;b__0, 0x22]
- [MoveNext, 0x14]
- [Start, 0x28]
- [Start, 0x0]
- [RunAsync, 0x24]
- [MoveNext, 0x6C]
- [Start, 0x28]
- [Start, 0x0]
- [InvokeTestMethodAsync, 0x24]
- [InvokeTestMethodAsync, 0x37]
- [MoveNext, 0x168]
- [Start, 0x28]
- [Start, 0x0]
- [&lt;RunAsync&gt;b__47_0, 0x1C]
- [MoveNext, 0x14]
- [Start, 0x28]
- [Start, 0x0]
- [RunAsync, 0x24]
- [RunAsync, 0x12]
- [InvokeTestMethodAsync, 0x36]
- [MoveNext, 0x79]
- [Start, 0x28]
- [Start, 0x0]
- [InvokeTestAsync, 0x24]
- [&lt;RunAsync&gt;b__0, 0x0]
- [MoveNext, 0x14]
- [Start, 0x28]
- [Start, 0x0]
- [RunAsync, 0x24]
- [MoveNext, 0x113]
- [Start, 0x28]
- [Start, 0x0]
- [RunAsync, 0x1C]
- [RunTestAsync, 0x0]
- [MoveNext, 0xB8]
- [Start, 0x28]
- [Start, 0x0]
- [RunAsync, 0x1C]
- [RunAsync, 0x1E]
- [RunTestCaseAsync, 0x1E]
- [MoveNext, 0x4E]
- [Start, 0x28]
- [Start, 0x0]
- [RunTestCasesAsync, 0x1C]
- [MoveNext, 0x59]
- [Start, 0x28]
- [Start, 0x0]
- [RunAsync, 0x1C]
- [RunTestMethodAsync, 0x2D]
- [MoveNext, 0x120]
- [Start, 0x28]
- [Start, 0x0]
- [RunTestMethodsAsync, 0x1C]
- [MoveNext, 0xBE]
- [Start, 0x28]
- [Start, 0x0]
- [RunAsync, 0x1C]
- [RunTestClassAsync, 0x31]
- [MoveNext, 0x77]
- [Start, 0x28]
- [Start, 0x0]
- [RunTestClassesAsync, 0x1C]
- [MoveNext, 0xBE]
- [Start, 0x28]
- [Start, 0x0]
- [RunAsync, 0x1C]
- [RunTestCollectionAsync, 0x21]
- [&lt;RunTestCollectionsAsync&gt;b__2, 0x0]
- [InnerInvoke, 0xF]
- [&lt;.cctor&gt;b__272_0, 0x0]
- [RunInternal, 0x40]
- [ExecuteWithThreadLocal, 0x96]
- [ExecuteEntry, 0x36]
- [&lt;.cctor&gt;b__8_0, 0x0]
- [RunOnSyncContext, 0xB]
- [&lt;WorkerThreadProc&gt;b__0, 0x0]
- [RunInternal, 0x40]
- [WorkerThreadProc, 0x7C]
- [&lt;QueueUserWorkItem&gt;b__5_0, 0x7]
- [InnerInvoke, 0x25]
- [&lt;.cctor&gt;b__272_0, 0x0]
- [RunInternal, 0x40]
- [ExecuteWithThreadLocal, 0x96]
- [ExecuteEntryUnsafe, 0x2B]
- [&lt;.cctor&gt;b__10_0, 0x0]
- [StartCallback, 0xE]
End Checking Thread Frames:
End Observing Exception: System.Exception
</pre></div>
    <br />
    <h2>
      <a id="all" />All tests
        </h2>
    <h5>Click test class name to expand/collapse test details</h5>
    <h3>
      <span class="timing">0.237s
            </span>
      <span class="clickable" onclick="ToggleClass('classID0EY')" ondblclick="ToggleClass('classID0EY')">
        <span class="failure">✘</span>
               TestProject.UnitTest1
               <span class="testcount">
                (2 tests)
              </span></span>
      <br clear="all" />
    </h3>
    <div class="indent" id="classID0EY">
      <div class="row">
        <span class="timing">0.2360553s
        </span>
        <span class="failure">✘</span>
       TestProject.UnitTest1.ExceptionCallStack_InsideCatch<br clear="all" /><pre>System.AggregateException : One or more errors occurred. (Assert.NotEqual() Failure\r\nExpected: Not 103\r\nActual:   103)\r\n---- Assert.NotEqual() Failure\r\nExpected: Not 103\r\nActual:   103</pre><pre>   at TestProject.UnitTest1.ExceptionCallStack_InsideCatch() in C:\Users\kkeirstead\unmatched-frame-offsets\src\TestProject\UnitTest1.cs:line 44
----- Inner Stack Trace -----
   at TestProject.UnitTest1.ValidateExceptionStackFrame(Exception thrownException, ITestOutputHelper outputHelper) in C:\Users\kkeirstead\unmatched-frame-offsets\src\TestProject\UnitTest1.cs:line 143
   at TestProject.UnitTest1.FirstChanceExceptionCallback(Exception thrownException, List`1 assertExceptions, ITestOutputHelper outputHelper) in C:\Users\kkeirstead\unmatched-frame-offsets\src\TestProject\UnitTest1.cs:line 85</pre><h6>Output:</h6><pre>Begin Observing Exception: System.NotImplementedException
Throwing Frame: [ThrowAndCatchEclipsingExceptionInsideCatch, 0x8]
Begin Checking Thread Frames:
- [ValidateExceptionStackFrame, 0xB5]
- [FirstChanceExceptionCallback, 0x41]
- [&lt;ExceptionCallStack_InsideCatch&gt;b__0, 0x6]
- [ThrowAndCatchEclipsingExceptionInsideCatch, 0x8]
End Checking Thread Frames:
End Observing Exception: System.NotImplementedException
Begin Observing Exception: System.Exception
Throwing Frame: [ThrowAndCatchEclipsingExceptionInsideCatch, 0x12]
Begin Checking Thread Frames:
- [ValidateExceptionStackFrame, 0xB5]
- [FirstChanceExceptionCallback, 0x41]
- [&lt;ExceptionCallStack_InsideCatch&gt;b__0, 0x6]
- [ThrowAndCatchEclipsingExceptionInsideCatch, 0x8]
- [ExceptionCallStack_InsideCatch, 0x33]
- [InvokeMethod, 0xFFFFFFFF]
- [Invoke, 0x78]
- [Invoke, 0x0]
- [CallTestMethod, 0x0]
- [MoveNext, 0xC5]
- [Start, 0x28]
- [Start, 0x0]
- [&lt;InvokeTestMethodAsync&gt;b__1, 0x1C]
- [MoveNext, 0x20]
- [Start, 0x28]
- [Start, 0x0]
- [AggregateAsync, 0x24]
- [&lt;InvokeTestMethodAsync&gt;b__0, 0x22]
- [MoveNext, 0x14]
- [Start, 0x28]
- [Start, 0x0]
- [RunAsync, 0x24]
- [MoveNext, 0x6C]
- [Start, 0x28]
- [Start, 0x0]
- [InvokeTestMethodAsync, 0x24]
- [InvokeTestMethodAsync, 0x37]
- [MoveNext, 0x168]
- [Start, 0x28]
- [Start, 0x0]
- [&lt;RunAsync&gt;b__47_0, 0x1C]
- [MoveNext, 0x14]
- [Start, 0x28]
- [Start, 0x0]
- [RunAsync, 0x24]
- [RunAsync, 0x12]
- [InvokeTestMethodAsync, 0x36]
- [MoveNext, 0x79]
- [Start, 0x28]
- [Start, 0x0]
- [InvokeTestAsync, 0x24]
- [&lt;RunAsync&gt;b__0, 0x0]
- [MoveNext, 0x14]
- [Start, 0x28]
- [Start, 0x0]
- [RunAsync, 0x24]
- [MoveNext, 0x113]
- [Start, 0x28]
- [Start, 0x0]
- [RunAsync, 0x1C]
- [RunTestAsync, 0x0]
- [MoveNext, 0xB8]
- [Start, 0x28]
- [Start, 0x0]
- [RunAsync, 0x1C]
- [RunAsync, 0x1E]
- [RunTestCaseAsync, 0x1E]
- [MoveNext, 0x4E]
- [Start, 0x28]
- [Start, 0x0]
- [RunTestCasesAsync, 0x1C]
- [MoveNext, 0x59]
- [Start, 0x28]
- [Start, 0x0]
- [RunAsync, 0x1C]
- [RunTestMethodAsync, 0x2D]
- [MoveNext, 0x120]
- [Start, 0x28]
- [Start, 0x0]
- [RunTestMethodsAsync, 0x1C]
- [MoveNext, 0xBE]
- [Start, 0x28]
- [Start, 0x0]
- [RunAsync, 0x1C]
- [RunTestClassAsync, 0x31]
- [MoveNext, 0x77]
- [Start, 0x28]
- [Start, 0x0]
- [RunTestClassesAsync, 0x1C]
- [MoveNext, 0xBE]
- [Start, 0x28]
- [Start, 0x0]
- [RunAsync, 0x1C]
- [RunTestCollectionAsync, 0x21]
- [&lt;RunTestCollectionsAsync&gt;b__2, 0x0]
- [InnerInvoke, 0xF]
- [&lt;.cctor&gt;b__272_0, 0x0]
- [RunInternal, 0x40]
- [ExecuteWithThreadLocal, 0x96]
- [ExecuteEntry, 0x36]
- [&lt;.cctor&gt;b__8_0, 0x0]
- [RunOnSyncContext, 0xB]
- [&lt;WorkerThreadProc&gt;b__0, 0x0]
- [RunInternal, 0x40]
- [WorkerThreadProc, 0x7C]
- [&lt;QueueUserWorkItem&gt;b__5_0, 0x7]
- [InnerInvoke, 0x25]
- [&lt;.cctor&gt;b__272_0, 0x0]
- [RunInternal, 0x40]
- [ExecuteWithThreadLocal, 0x96]
- [ExecuteEntryUnsafe, 0x2B]
- [&lt;.cctor&gt;b__10_0, 0x0]
- [StartCallback, 0xE]
End Checking Thread Frames:
End Observing Exception: System.Exception
</pre></div>
      <div class="altrow">
        <span class="timing">0.0014304s
        </span>
        <span class="success">✔</span>
       TestProject.UnitTest1.ExceptionCallStack_OutsideCatch<br clear="all" /><h6>Output:</h6><pre>Begin Observing Exception: System.NotImplementedException
Throwing Frame: [ThrowAndCatchEclipsingExceptionOutsideCatch, 0xA]
Begin Checking Thread Frames:
- [ValidateExceptionStackFrame, 0xB5]
- [FirstChanceExceptionCallback, 0x41]
- [&lt;ExceptionCallStack_OutsideCatch&gt;b__0, 0x6]
- [ThrowAndCatchEclipsingExceptionOutsideCatch, 0xA]
End Checking Thread Frames:
End Observing Exception: System.NotImplementedException
Begin Observing Exception: System.Exception
Throwing Frame: [ThrowAndCatchEclipsingExceptionOutsideCatch, 0x19]
Begin Checking Thread Frames:
- [ValidateExceptionStackFrame, 0xB5]
- [FirstChanceExceptionCallback, 0x41]
- [&lt;ExceptionCallStack_OutsideCatch&gt;b__0, 0x6]
- [ThrowAndCatchEclipsingExceptionOutsideCatch, 0x19]
End Checking Thread Frames:
End Observing Exception: System.Exception
</pre></div>
    </div>
  </body>
</html>