xUnit.net Console Runner v2.4.2+f110e5bee5 (64-bit .NET 6.0.20)
  Discovering: TestProject
  Discovered:  TestProject
  Starting:    TestProject
    TestProject.UnitTest1.ExceptionCallStack_InsideCatch [FAIL]
      System.AggregateException : One or more errors occurred. (Assert.NotEqual() Failure
      Expected: Not 103
      Actual:   103)
      ---- Assert.NotEqual() Failure
      Expected: Not 103
      Actual:   103
      Stack Trace:
        C:\Users\kkeirstead\unmatched-frame-offsets\src\TestProject\UnitTest1.cs(44,0): at TestProject.UnitTest1.ExceptionCallStack_InsideCatch()
        ----- Inner Stack Trace -----
        C:\Users\kkeirstead\unmatched-frame-offsets\src\TestProject\UnitTest1.cs(143,0): at TestProject.UnitTest1.ValidateExceptionStackFrame(Exception thrownException, ITestOutputHelper outputHelper)
        C:\Users\kkeirstead\unmatched-frame-offsets\src\TestProject\UnitTest1.cs(85,0): at TestProject.UnitTest1.FirstChanceExceptionCallback(Exception thrownException, List`1 assertExceptions, ITestOutputHelper outputHelper)
      Output:
        Begin Observing Exception: System.NotImplementedException
        Throwing Frame: [ThrowAndCatchEclipsingExceptionInsideCatch, 0x8]
        Begin Checking Thread Frames:
        - [ValidateExceptionStackFrame, 0xB5]
        - [FirstChanceExceptionCallback, 0x41]
        - [<ExceptionCallStack_InsideCatch>b__0, 0x6]
        - [ThrowAndCatchEclipsingExceptionInsideCatch, 0x8]
        End Checking Thread Frames:
        End Observing Exception: System.NotImplementedException
        Begin Observing Exception: System.Exception
        Throwing Frame: [ThrowAndCatchEclipsingExceptionInsideCatch, 0x12]
        Begin Checking Thread Frames:
        - [ValidateExceptionStackFrame, 0xB5]
        - [FirstChanceExceptionCallback, 0x41]
        - [<ExceptionCallStack_InsideCatch>b__0, 0x6]
        - [ThrowAndCatchEclipsingExceptionInsideCatch, 0x8]
        - [ExceptionCallStack_InsideCatch, 0x33]
        - [InvokeMethod, 0xFFFFFFFF]
        - [Invoke, 0x78]
        - [Invoke, 0x0]
        - [CallTestMethod, 0x0]
        - [MoveNext, 0xC5]
        - [Start, 0x28]
        - [Start, 0x0]
        - [<InvokeTestMethodAsync>b__1, 0x1C]
        - [MoveNext, 0x20]
        - [Start, 0x28]
        - [Start, 0x0]
        - [AggregateAsync, 0x24]
        - [<InvokeTestMethodAsync>b__0, 0x22]
        - [MoveNext, 0x14]
        - [Start, 0x28]
        - [Start, 0x0]
        - [RunAsync, 0x24]
        - [MoveNext, 0x6C]
        - [Start, 0x28]
        - [Start, 0x0]
        - [InvokeTestMethodAsync, 0x24]
        - [InvokeTestMethodAsync, 0x37]
        - [MoveNext, 0x168]
        - [Start, 0x28]
        - [Start, 0x0]
        - [<RunAsync>b__47_0, 0x1C]
        - [MoveNext, 0x14]
        - [Start, 0x28]
        - [Start, 0x0]
        - [RunAsync, 0x24]
        - [RunAsync, 0x12]
        - [InvokeTestMethodAsync, 0x36]
        - [MoveNext, 0x79]
        - [Start, 0x28]
        - [Start, 0x0]
        - [InvokeTestAsync, 0x24]
        - [<RunAsync>b__0, 0x0]
        - [MoveNext, 0x14]
        - [Start, 0x28]
        - [Start, 0x0]
        - [RunAsync, 0x24]
        - [MoveNext, 0x113]
        - [Start, 0x28]
        - [Start, 0x0]
        - [RunAsync, 0x1C]
        - [RunTestAsync, 0x0]
        - [MoveNext, 0xB8]
        - [Start, 0x28]
        - [Start, 0x0]
        - [RunAsync, 0x1C]
        - [RunAsync, 0x1E]
        - [RunTestCaseAsync, 0x1E]
        - [MoveNext, 0x4E]
        - [Start, 0x28]
        - [Start, 0x0]
        - [RunTestCasesAsync, 0x1C]
        - [MoveNext, 0x59]
        - [Start, 0x28]
        - [Start, 0x0]
        - [RunAsync, 0x1C]
        - [RunTestMethodAsync, 0x2D]
        - [MoveNext, 0x120]
        - [Start, 0x28]
        - [Start, 0x0]
        - [RunTestMethodsAsync, 0x1C]
        - [MoveNext, 0xBE]
        - [Start, 0x28]
        - [Start, 0x0]
        - [RunAsync, 0x1C]
        - [RunTestClassAsync, 0x31]
        - [MoveNext, 0x77]
        - [Start, 0x28]
        - [Start, 0x0]
        - [RunTestClassesAsync, 0x1C]
        - [MoveNext, 0xBE]
        - [Start, 0x28]
        - [Start, 0x0]
        - [RunAsync, 0x1C]
        - [RunTestCollectionAsync, 0x21]
        - [<RunTestCollectionsAsync>b__2, 0x0]
        - [InnerInvoke, 0xF]
        - [<.cctor>b__272_0, 0x0]
        - [RunInternal, 0x40]
        - [ExecuteWithThreadLocal, 0x96]
        - [ExecuteEntry, 0x36]
        - [<.cctor>b__8_0, 0x0]
        - [RunOnSyncContext, 0xB]
        - [<WorkerThreadProc>b__0, 0x0]
        - [RunInternal, 0x40]
        - [WorkerThreadProc, 0x7C]
        - [<QueueUserWorkItem>b__5_0, 0x7]
        - [InnerInvoke, 0x25]
        - [<.cctor>b__272_0, 0x0]
        - [RunInternal, 0x40]
        - [ExecuteWithThreadLocal, 0x96]
        - [ExecuteEntryUnsafe, 0x2B]
        - [<.cctor>b__10_0, 0x0]
        - [StartCallback, 0xE]
        End Checking Thread Frames:
        End Observing Exception: System.Exception
  Finished:    TestProject
=== TEST EXECUTION SUMMARY ===
   TestProject  Total: 2, Errors: 0, Failed: 1, Skipped: 0, Time: 0.767s
=== COMMAND LINE ===
"C:\Users\kkeirstead\unmatched-frame-offsets\.dotnet\dotnet.exe" exec --depsfile "C:\Users\kkeirstead\unmatched-frame-offsets\artifacts\bin\TestProject\Debug\net6.0\TestProject.deps.json" --runtimeconfig "C:\Users\kkeirstead\unmatched-frame-offsets\artifacts\bin\TestProject\Debug\net6.0\TestProject.runtimeconfig.json"  "C:\Users\kkeirstead\.nuget\packages\xunit.runner.console/2.4.2/tools/netcoreapp2.0/xunit.console.dll" "C:\Users\kkeirstead\unmatched-frame-offsets\artifacts\bin\TestProject\Debug\net6.0\TestProject.dll" -noautoreporters -xml "C:\Users\kkeirstead\unmatched-frame-offsets\artifacts\TestResults\Debug\TestProject_net6.0_x64.xml" -html "C:\Users\kkeirstead\unmatched-frame-offsets\artifacts\TestResults\Debug\TestProject_net6.0_x64.html"  > "C:\Users\kkeirstead\unmatched-frame-offsets\artifacts\log\Debug\TestProject_net6.0_x64.log" 2>&1
