xUnit.net Console Runner v2.4.2+f110e5bee5 (64-bit .NET 8.0.0-rc.1.23380.3)
  Discovering: TestProject
  Discovered:  TestProject
  Starting:    TestProject
    TestProject.UnitTest1.AsyncExceptionCallStack [FAIL]
      System.AggregateException : One or more errors occurred. (Assert.NotEqual() Failure
      Expected: Not 17
      Actual:   17)
      ---- Assert.NotEqual() Failure
      Expected: Not 17
      Actual:   17
      Stack Trace:
        C:\Users\kkeirstead\unmatched-frame-offsets\src\TestProject\UnitTest1.cs(44,0): at TestProject.UnitTest1.AsyncExceptionCallStack()
        --- End of stack trace from previous location ---
        ----- Inner Stack Trace -----
        C:\Users\kkeirstead\unmatched-frame-offsets\src\TestProject\UnitTest1.cs(119,0): at TestProject.UnitTest1.ValidateExceptionStackFrame(Exception thrownException, ITestOutputHelper outputHelper)
        C:\Users\kkeirstead\unmatched-frame-offsets\src\TestProject\UnitTest1.cs(61,0): at TestProject.UnitTest1.FirstChanceExceptionCallback(Exception thrownException, List`1 assertExceptions, ITestOutputHelper outputHelper)
      Output:
        Begin Observing Exception: System.Threading.Tasks.TaskCanceledException
        Throwing Frame: [ThrowForNonSuccess, 0x37]
        Begin Checking Thread Frames:
        - [ValidateExceptionStackFrame, 0xB5]
        - [FirstChanceExceptionCallback, 0x41]
        - [<AsyncExceptionCallStack>b__0, 0x6]
        - [ThrowForNonSuccess, 0x26]
        - [HandleNonSuccessAndDebuggerNotification, 0x2D]
        - [MoveNext, 0xD7]
        - [RunInternal, 0x40]
        - [MoveNext, 0x40]
        - [<Post>b__1, 0x0]
        - [RunOnSyncContext, 0xB]
        - [<WorkerThreadProc>b__0, 0x0]
        - [RunInternal, 0x40]
        - [Run, 0x5]
        - [WorkerThreadProc, 0x7C]
        - [<QueueUserWorkItem>b__5_0, 0x7]
        - [RunInternal, 0x40]
        - [ExecuteWithThreadLocal, 0x96]
        End Checking Thread Frames:
        End Observing Exception: System.Threading.Tasks.TaskCanceledException
  Finished:    TestProject
=== TEST EXECUTION SUMMARY ===
   TestProject  Total: 1, Errors: 0, Failed: 1, Skipped: 0, Time: 0.349s
=== COMMAND LINE ===
"C:\Users\kkeirstead\unmatched-frame-offsets\.dotnet\dotnet.exe" exec --depsfile "C:\Users\kkeirstead\unmatched-frame-offsets\artifacts\bin\TestProject\Debug\net8.0\TestProject.deps.json" --runtimeconfig "C:\Users\kkeirstead\unmatched-frame-offsets\artifacts\bin\TestProject\Debug\net8.0\TestProject.runtimeconfig.json"  "C:\Users\kkeirstead\.nuget\packages\xunit.runner.console/2.4.2/tools/netcoreapp2.0/xunit.console.dll" "C:\Users\kkeirstead\unmatched-frame-offsets\artifacts\bin\TestProject\Debug\net8.0\TestProject.dll" -noautoreporters -xml "C:\Users\kkeirstead\unmatched-frame-offsets\artifacts\TestResults\Debug\TestProject_net8.0_x64.xml" -html "C:\Users\kkeirstead\unmatched-frame-offsets\artifacts\TestResults\Debug\TestProject_net8.0_x64.html"  > "C:\Users\kkeirstead\unmatched-frame-offsets\artifacts\log\Debug\TestProject_net8.0_x64.log" 2>&1
